info it worked if it ends with ok
verbose cli [ 'node', '/usr/local/bin/npm', 'install', '-g', 'node-inspector' ]
info using npm@1.1.9
info using node@v0.6.13
verbose config file /home/vagrant/.npmrc
verbose config file /usr/local/etc/npmrc
verbose config file /usr/local/lib/node_modules/npm/npmrc
verbose cache add [ 'node-inspector', null ]
silly cache add: name, spec, args [ undefined, 'node-inspector', [ 'node-inspector', null ] ]
verbose parsed url { pathname: 'node-inspector',
verbose parsed url   path: 'node-inspector',
verbose parsed url   href: 'node-inspector' }
verbose addNamed [ 'node-inspector', '' ]
verbose addNamed [ null, '' ]
silly name, range, hasData [ 'node-inspector', '', false ]
verbose raw, before any munging node-inspector
verbose url resolving [ 'https://registry.npmjs.org/', './node-inspector' ]
verbose url resolved https://registry.npmjs.org/node-inspector
verbose etag "DHOIPU6J3G8YQKXHOKC0URRK8"
http GET https://registry.npmjs.org/node-inspector
http 304 https://registry.npmjs.org/node-inspector
silly get cb [ 304,
silly get cb   { server: 'CouchDB/1.2.0 (Erlang OTP/R15B)',
silly get cb     etag: '"DHOIPU6J3G8YQKXHOKC0URRK8"',
silly get cb     date: 'Sun, 25 Mar 2012 16:03:51 GMT',
silly get cb     'content-length': '0' } ]
verbose etag node-inspector from cache
silly name, range, hasData 2 [ 'node-inspector', '', true ]
silly versions [ 'node-inspector',
silly versions   [ '0.0.1',
silly versions     '0.0.2',
silly versions     '0.0.3',
silly versions     '0.0.4',
silly versions     '0.1.0',
silly versions     '0.1.1',
silly versions     '0.1.2',
silly versions     '0.1.3',
silly versions     '0.1.4',
silly versions     '0.1.5',
silly versions     '0.1.6',
silly versions     '0.1.7',
silly versions     '0.1.8',
silly versions     '0.1.9',
silly versions     '0.1.10' ] ]
verbose bin dist [ '0.6-ares1.7.5-DEV-evundefined-openssl0.9.8k-v83.6.6.24-linux-ia32-2.6.32-33-generic',
verbose bin dist   { shasum: '92520889108761231acd20fecd9f04e297e563e2',
verbose bin dist     tarball: 'http://registry.npmjs.org/node-inspector/-/node-inspector-0.1.10.tgz' } ]
verbose caching /home/vagrant/.npm/node-inspector/0.1.10/package/package.json
verbose loadDefaults node-inspector@0.1.10
silly resolved [ { name: 'node-inspector',
silly resolved     version: '0.1.10',
silly resolved     description: 'Web Inspector based nodeJS debugger',
silly resolved     homepage: 'http://github.com/dannycoates/node-inspector',
silly resolved     author: { name: 'Danny Coates', email: 'dannycoates@gmail.com' },
silly resolved     keywords: [ 'debug', 'debugger', 'inspector', 'profiler' ],
silly resolved     repository: 
silly resolved      { type: 'git',
silly resolved        url: 'git://github.com/dannycoates/node-inspector.git' },
silly resolved     engines: { node: '>=0.3.0' },
silly resolved     bin: { 'node-inspector': './bin/inspector.js' },
silly resolved     dependencies: { 'socket.io': '~0.8.2', paperboy: '~0.0.2' },
silly resolved     _id: 'node-inspector@0.1.10',
silly resolved     devDependencies: {},
silly resolved     optionalDependencies: {},
silly resolved     _engineSupported: true,
silly resolved     _npmVersion: '1.1.9',
silly resolved     _nodeVersion: 'v0.6.13',
silly resolved     _defaultsLoaded: true,
silly resolved     _from: 'node-inspector' } ]
info into /usr/local/lib node-inspector@0.1.10
info installOne node-inspector@0.1.10
verbose from cache /home/vagrant/.npm/node-inspector/0.1.10/package/package.json
info unbuild /usr/local/lib/node_modules/node-inspector
verbose mkdir (expected) error ENOENT, stat '/usr/local/lib/node_modules/node-inspector'
verbose unpack_ uid, gid [ undefined, undefined ]
verbose unpackTarget /usr/local/lib/node_modules/node-inspector
info unbuild /usr/local/lib/node_modules/node-inspector
ERR! Error: EACCES, mkdir '/usr/local/lib/node_modules/node-inspector'
ERR! 
ERR! Please try running this command again as root/Administrator.
ERR! 
ERR! System Linux 2.6.32-33-generic
ERR! command "node" "/usr/local/bin/npm" "install" "-g" "node-inspector"
ERR! cwd /home/vagrant/app
ERR! node -v v0.6.13
ERR! npm -v 1.1.9
ERR! path /usr/local/lib/node_modules/node-inspector
ERR! code EACCES
ERR! message EACCES, mkdir '/usr/local/lib/node_modules/node-inspector'
ERR! errno {}
verbose exit [ 1, true ]
